Warning: Package resolution error when reading "analysis_options.yaml" file:
Failed to resolve package URI "package:flutter_lints/flutter.yaml" in include at "/home/runner/work/phoenix-journeys/phoenix-journeys/app/analysis_options.yaml".
Formatted app/lib/services/journey_location_binding.dart
Warning: Package resolution error when reading "analysis_options.yaml" file:
Failed to resolve package URI "package:flutter_lints/flutter.yaml" in include at "/home/runner/work/phoenix-journeys/phoenix-journeys/app/analysis_options.yaml".
Warning: Package resolution error when reading "analysis_options.yaml" file:
Failed to resolve package URI "package:flutter_lints/flutter.yaml" in include at "/home/runner/work/phoenix-journeys/phoenix-journeys/app/analysis_options.yaml".
Formatted app/lib/state/app_state.dart
Warning: Package resolution error when reading "analysis_options.yaml" file:
Failed to resolve package URI "package:flutter_lints/flutter.yaml" in include at "/home/runner/work/phoenix-journeys/phoenix-journeys/app/analysis_options.yaml".
Formatted app/lib/widgets/destination_background.dart
Formatted app/lib/services/journey_background_policy.dart
Warning: Package resolution error when reading "analysis_options.yaml" file:
Failed to resolve package URI "package:flutter_lints/flutter.yaml" in include at "/home/runner/work/phoenix-journeys/phoenix-journeys/app/analysis_options.yaml".
Warning: Package resolution error when reading "analysis_options.yaml" file:
Failed to resolve package URI "package:flutter_lints/flutter.yaml" in include at "/home/runner/work/phoenix-journeys/phoenix-journeys/app/analysis_options.yaml".
Could not format because the source could not be parsed:

line 69, column 2 of app/test/journey_location_binding_test.dart: Expected a method, getter, setter or operator declaration.
   ╷
69 │ });
   │  ^
   ╵
line 69, column 3 of app/test/journey_location_binding_test.dart: Unexpected text ';'.
   ╷
69 │ });
   │   ^
   ╵
Formatted app/test/journey_background_policy_test.dart
Formatted 7 files (5 changed) in 0.07 seconds.
FORMAT_EXIT_CODE=65
