Resolving dependencies...
Downloading packages...
  flutter_lints 4.0.0 (6.0.0 available)
  hooks 2.0.2 (2.1.0 available)
  intl 0.19.0 (0.20.3 available)
  lints 4.0.0 (6.1.0 available)
  matcher 0.12.19 (0.12.20 available)
  meta 1.18.0 (1.19.0 available)
  package_config 2.2.0 (3.0.0 available)
  record_use 0.6.0 (1.0.0 available)
  share_plus 12.0.2 (13.2.1 available)
  share_plus_platform_interface 6.1.0 (7.1.0 available)
  test_api 0.7.11 (0.7.13 available)
  vector_math 2.2.0 (2.4.0 available)
  win32 5.15.0 (6.3.0 available)
Got dependencies!
13 packages have newer versions incompatible with dependency constraints.
Try `flutter pub outdated` for more information.
Analyzing app...                                                

   info • The import of '../data/daily_journey_experience.dart' is unnecessary because all of the used elements are also provided by the import of '../data/daily_journey_catalog.dart'. Try removing the import directive • lib/services/journey_location_binding.dart:3:8 • unnecessary_import

1 issue found. (ran in 11.3s)
Resolving dependencies...
Downloading packages...
  flutter_lints 4.0.0 (6.0.0 available)
  hooks 2.0.2 (2.1.0 available)
  intl 0.19.0 (0.20.3 available)
  lints 4.0.0 (6.1.0 available)
  matcher 0.12.19 (0.12.20 available)
  meta 1.18.0 (1.19.0 available)
  package_config 2.2.0 (3.0.0 available)
  record_use 0.6.0 (1.0.0 available)
  share_plus 12.0.2 (13.2.1 available)
  share_plus_platform_interface 6.1.0 (7.1.0 available)
  test_api 0.7.11 (0.7.13 available)
  vector_math 2.2.0 (2.4.0 available)
  win32 5.15.0 (6.3.0 available)
Got dependencies!
13 packages have newer versions incompatible with dependency constraints.
Try `flutter pub outdated` for more information.

✅ /home/runner/work/phoenix-journeys/phoenix-journeys/app/test/journey_city_catalog_test.dart: published journeys expose stable city and destination paths
✅ /home/runner/work/phoenix-journeys/phoenix-journeys/app/test/journey_city_catalog_test.dart: one city can contain multiple destination journeys
✅ /home/runner/work/phoenix-journeys/phoenix-journeys/app/test/journey_city_catalog_test.dart: duplicate destination ids inside one city are rejected
✅ /home/runner/work/phoenix-journeys/phoenix-journeys/app/test/journey_location_binding_test.dart: every Journey has one GeoNode, map point and location path
✅ /home/runner/work/phoenix-journeys/phoenix-journeys/app/test/journey_location_binding_test.dart: legacy Journey keys migrate to city/destination path keys
✅ /home/runner/work/phoenix-journeys/phoenix-journeys/app/test/journey_background_policy_test.dart: same destination page and local day keep a stable image
✅ /home/runner/work/phoenix-journeys/phoenix-journeys/app/test/journey_background_policy_test.dart: every published seed destination has three approved fallbacks
✅ /home/runner/work/phoenix-journeys/phoenix-journeys/app/test/journey_background_policy_test.dart: approved AI backgrounds replace geometric seed fallbacks
✅ /home/runner/work/phoenix-journeys/phoenix-journeys/app/test/journey_background_policy_test.dart: AI backgrounds below the variety threshold never reach runtime
✅ /home/runner/work/phoenix-journeys/phoenix-journeys/app/test/journey_background_policy_test.dart: inventory KPI counts reviewed AI assets rather than fallbacks
✅ /home/runner/work/phoenix-journeys/phoenix-journeys/app/test/journey_background_policy_test.dart: runtime AI background must match the Journey location folder
✅ /home/runner/work/phoenix-journeys/phoenix-journeys/app/test/journey_background_policy_test.dart: KPI constants permanently require ten offline images per city

🎉 12 tests passed.

ANALYZE_EXIT_CODE=1
TEST_EXIT_CODE=0
