Resolving dependencies...
Downloading packages...
  flutter_lints 4.0.0 (6.0.0 available)
  hooks 2.0.2 (2.1.0 available)
  intl 0.19.0 (0.20.3 available)
  lints 4.0.0 (6.1.0 available)
  matcher 0.12.19 (0.12.20 available)
  meta 1.18.0 (1.19.0 available)
  package_config 2.2.0 (3.0.0 available)
  record_use 0.6.0 (1.0.0 available)
  share_plus 12.0.2 (13.2.1 available)
  share_plus_platform_interface 6.1.0 (7.1.0 available)
  test_api 0.7.11 (0.7.13 available)
  vector_math 2.2.0 (2.4.0 available)
  win32 5.15.0 (6.3.0 available)
Got dependencies!
13 packages have newer versions incompatible with dependency constraints.
Try `flutter pub outdated` for more information.
Compiling lib/main.dart for the Web...                          
Wasm dry run findings:
Found incompatibilities with WebAssembly.

file:///home/runner/.pub-cache/hosted/pub.dev/flutter_tts-4.2.5/lib/flutter_tts_web.dart 104:23 - invalid_runtime_check_with_js_interop_types lint violation: Cast from 'JSAny?' to 'int' casts a JS interop value to a Dart type, which might not be platform-consistent. (8)
file:///home/runner/.pub-cache/hosted/pub.dev/flutter_tts-4.2.5/lib/flutter_tts_web.dart 105:21 - invalid_runtime_check_with_js_interop_types lint violation: Cast from 'JSAny?' to 'String' casts a JS interop value to a Dart type, which might not be platform-consistent. (8)
file:///home/runner/.pub-cache/hosted/pub.dev/flutter_tts-4.2.5/lib/flutter_tts_web.dart 107:21 - invalid_runtime_check_with_js_interop_types lint violation: Cast from 'JSAny?' to 'String' casts a JS interop value to a Dart type, which might not be platform-consistent. (8)

Consider addressing these issues to enable wasm builds. See docs for more info: https://docs.flutter.dev/platform-integration/web/wasm

Use --no-wasm-dry-run to disable these warnings.
Font asset "CupertinoIcons.ttf" was tree-shaken, reducing it from 257628 to 1472 bytes (99.4% reduction). Tree-shaking can be disabled by providing the --no-tree-shake-icons flag when building your app.
Font asset "MaterialIcons-Regular.otf" was tree-shaken, reducing it from 1645184 to 15588 bytes (99.1% reduction). Tree-shaking can be disabled by providing the --no-tree-shake-icons flag when building your app.
Compiling lib/main.dart for the Web...                             39.6s
✓ Built build/web
